<?xml version="1.0" encoding="UTF-8"?>
<testsuite name="br.com.codenation.BillingProcessorTest" tests="4" skipped="0" failures="0" errors="0" timestamp="2020-08-24T22:54:25" hostname="II" time="0.011">
  <properties/>
  <testcase name="testCashPayment" classname="br.com.codenation.BillingProcessorTest" time="0.008"/>
  <testcase name="testTransferPayment" classname="br.com.codenation.BillingProcessorTest" time="0.001"/>
  <testcase name="testDebitCardPayment" classname="br.com.codenation.BillingProcessorTest" time="0.0"/>
  <testcase name="testCreditCardPayment" classname="br.com.codenation.BillingProcessorTest" time="0.0"/>
  <system-out><![CDATA[]]></system-out>
  <system-err><![CDATA[]]></system-err>
</testsuite>
